app/build/intermediates/manifest_merge_blame_file/debug/manifest-merger-blame-debug-report.txt
1<?xml version="1.0" encoding="utf-8"?>
2<manifest xmlns:android="http://schemas.android.com/apk/res/android"
3    package="com.example.elemperadorvedado"
4    android:versionCode="1"
5    android:versionName="1.0" >
6
7    <uses-sdk
8        android:minSdkVersion="23"
8-->src\main\AndroidManifest.xml
9        android:targetSdkVersion="28" />
9-->src\main\AndroidManifest.xml
10
11    <uses-permission android:name="android.permission.INTERNET" />
11-->src\main\AndroidManifest.xml:5:5-67
11-->src\main\AndroidManifest.xml:5:22-64
12    <uses-permission android:name="android.permission.ACCESS_NETWORK_STATE" />
12-->src\main\AndroidManifest.xml:6:5-79
12-->src\main\AndroidManifest.xml:6:22-76
13    <uses-permission android:name="android.permission.READ_EXTERNAL_STORAGE" />
13-->src\main\AndroidManifest.xml:7:5-80
13-->src\main\AndroidManifest.xml:7:22-77
14    <uses-permission android:name="android.permission.ACCESS_NETWORK_STATE" />
14-->src\main\AndroidManifest.xml:6:5-79
14-->src\main\AndroidManifest.xml:6:22-76
15
16    <application
16-->src\main\AndroidManifest.xml:10:5-87:19
17        android:allowBackup="true"
17-->src\main\AndroidManifest.xml:11:9-35
18        android:appComponentFactory="androidx.core.app.CoreComponentFactory"
18-->[androidx.core:core:1.5.0] AndroidManifest.xml:24:18-86
19        android:debuggable="true"
20        android:extractNativeLibs="false"
21        android:icon="@mipmap/ic_launcher"
21-->src\main\AndroidManifest.xml:12:9-43
22        android:label="@string/app_name"
22-->src\main\AndroidManifest.xml:13:9-41
23        android:roundIcon="@mipmap/ic_launcher_round"
23-->src\main\AndroidManifest.xml:14:9-54
24        android:supportsRtl="true"
24-->src\main\AndroidManifest.xml:15:9-35
25        android:theme="@style/Theme.ElEmperadorVedado.NoActionBar"
25-->src\main\AndroidManifest.xml:16:9-67
26        android:usesCleartextTraffic="true" >
26-->src\main\AndroidManifest.xml:17:9-44
27        <activity
27-->src\main\AndroidManifest.xml:18:9-21:51
28            android:name="com.example.elemperadorvedado.Activity_Personalizar_Menu"
28-->src\main\AndroidManifest.xml:19:13-55
29            android:exported="true"
29-->src\main\AndroidManifest.xml:20:13-36
30            android:screenOrientation="portrait" />
30-->src\main\AndroidManifest.xml:21:13-49
31        <activity
31-->src\main\AndroidManifest.xml:22:9-25:52
32            android:name="com.yalantis.ucrop.UCropActivity"
32-->src\main\AndroidManifest.xml:23:13-60
33            android:exported="true"
33-->src\main\AndroidManifest.xml:24:13-36
34            android:screenOrientation="portrait" />
34-->src\main\AndroidManifest.xml:25:13-49
35        <activity
35-->src\main\AndroidManifest.xml:26:9-29:51
36            android:name="com.example.elemperadorvedado.Activity_Personalizar_Categorias"
36-->src\main\AndroidManifest.xml:27:13-61
37            android:exported="true"
37-->src\main\AndroidManifest.xml:28:13-36
38            android:screenOrientation="portrait" />
38-->src\main\AndroidManifest.xml:29:13-49
39        <activity
39-->src\main\AndroidManifest.xml:30:9-33:51
40            android:name="com.example.elemperadorvedado.Activity_Mis_Pedidos"
40-->src\main\AndroidManifest.xml:31:13-49
41            android:exported="true"
41-->src\main\AndroidManifest.xml:32:13-36
42            android:screenOrientation="portrait" />
42-->src\main\AndroidManifest.xml:33:13-49
43        <activity
43-->src\main\AndroidManifest.xml:34:9-37:51
44            android:name="com.example.elemperadorvedado.Activity_Pedidos"
44-->src\main\AndroidManifest.xml:35:13-45
45            android:exported="true"
45-->src\main\AndroidManifest.xml:36:13-36
46            android:screenOrientation="portrait" />
46-->src\main\AndroidManifest.xml:37:13-49
47        <activity
47-->src\main\AndroidManifest.xml:38:9-41:51
48            android:name="com.example.elemperadorvedado.Activity_Menu"
48-->src\main\AndroidManifest.xml:39:13-42
49            android:exported="true"
49-->src\main\AndroidManifest.xml:40:13-36
50            android:screenOrientation="portrait" />
50-->src\main\AndroidManifest.xml:41:13-49
51        <activity
51-->src\main\AndroidManifest.xml:42:9-45:51
52            android:name="com.example.elemperadorvedado.Activity_Carrito"
52-->src\main\AndroidManifest.xml:43:13-45
53            android:exported="true"
53-->src\main\AndroidManifest.xml:44:13-36
54            android:screenOrientation="portrait" />
54-->src\main\AndroidManifest.xml:45:13-49
55        <activity
55-->src\main\AndroidManifest.xml:46:9-49:51
56            android:name="com.example.elemperadorvedado.Activity_Distancias"
56-->src\main\AndroidManifest.xml:47:13-48
57            android:exported="true"
57-->src\main\AndroidManifest.xml:48:13-36
58            android:screenOrientation="portrait" />
58-->src\main\AndroidManifest.xml:49:13-49
59        <activity
59-->src\main\AndroidManifest.xml:50:9-53:51
60            android:name="com.example.elemperadorvedado.Activity_Contrasena"
60-->src\main\AndroidManifest.xml:51:13-48
61            android:exported="true"
61-->src\main\AndroidManifest.xml:52:13-36
62            android:screenOrientation="portrait" />
62-->src\main\AndroidManifest.xml:53:13-49
63        <activity
63-->src\main\AndroidManifest.xml:54:9-57:51
64            android:name="com.example.elemperadorvedado.Activity_AcercaDe"
64-->src\main\AndroidManifest.xml:55:13-46
65            android:exported="true"
65-->src\main\AndroidManifest.xml:56:13-36
66            android:screenOrientation="portrait" />
66-->src\main\AndroidManifest.xml:57:13-49
67        <activity
67-->src\main\AndroidManifest.xml:58:9-61:51
68            android:name="com.example.elemperadorvedado.Activity_Mapa_Colocar"
68-->src\main\AndroidManifest.xml:59:13-50
69            android:exported="true"
69-->src\main\AndroidManifest.xml:60:13-36
70            android:screenOrientation="portrait" />
70-->src\main\AndroidManifest.xml:61:13-49
71        <activity
71-->src\main\AndroidManifest.xml:62:9-65:51
72            android:name="com.example.elemperadorvedado.Activity_Mapa_Obtener"
72-->src\main\AndroidManifest.xml:63:13-50
73            android:exported="true"
73-->src\main\AndroidManifest.xml:64:13-36
74            android:screenOrientation="portrait" />
74-->src\main\AndroidManifest.xml:65:13-49
75        <activity
75-->src\main\AndroidManifest.xml:66:9-69:51
76            android:name="com.example.elemperadorvedado.Activity_EmpleadoJefe"
76-->src\main\AndroidManifest.xml:67:13-50
77            android:exported="true"
77-->src\main\AndroidManifest.xml:68:13-36
78            android:screenOrientation="portrait" />
78-->src\main\AndroidManifest.xml:69:13-49
79        <activity
79-->src\main\AndroidManifest.xml:70:9-73:52
80            android:name="com.example.elemperadorvedado.Activity_Categorias"
80-->src\main\AndroidManifest.xml:71:13-48
81            android:exported="true"
81-->src\main\AndroidManifest.xml:72:13-36
82            android:screenOrientation="portrait" />
82-->src\main\AndroidManifest.xml:73:13-49
83        <activity
83-->src\main\AndroidManifest.xml:74:9-77:51
84            android:name="com.example.elemperadorvedado.Activity_Detalles"
84-->src\main\AndroidManifest.xml:75:13-46
85            android:exported="true"
85-->src\main\AndroidManifest.xml:76:13-36
86            android:screenOrientation="portrait" />
86-->src\main\AndroidManifest.xml:77:13-49
87        <activity
87-->src\main\AndroidManifest.xml:78:9-86:20
88            android:name="com.example.elemperadorvedado.MainActivity"
88-->src\main\AndroidManifest.xml:79:13-41
89            android:exported="true" >
89-->src\main\AndroidManifest.xml:80:13-36
90            <intent-filter>
90-->src\main\AndroidManifest.xml:81:13-85:29
91                <action android:name="android.intent.action.MAIN" />
91-->src\main\AndroidManifest.xml:82:17-69
91-->src\main\AndroidManifest.xml:82:25-66
92
93                <category android:name="android.intent.category.LAUNCHER" />
93-->src\main\AndroidManifest.xml:84:17-77
93-->src\main\AndroidManifest.xml:84:27-74
94            </intent-filter>
95        </activity>
96    </application>
97
98</manifest>